{"numTotalTestSuites":5,"numPassedTestSuites":3,"numFailedTestSuites":2,"numPendingTestSuites":0,"numTotalTests":12,"numPassedTests":11,"numFailedTests":1,"numPendingTests":0,"numTodoTests":0,"snapshot":{"added":0,"failure":false,"filesAdded":0,"filesRemoved":0,"filesRemovedList":[],"filesUnmatched":0,"filesUpdated":0,"matched":0,"total":0,"unchecked":0,"uncheckedKeysByFile":[],"unmatched":0,"updated":0,"didUpdate":false},"startTime":1784307242155,"success":false,"testResults":[{"assertionResults":[{"ancestorTitles":["DatePicker"],"fullName":"DatePicker opens a labelled calendar grid with nav and full-date day names","status":"passed","title":"opens a labelled calendar grid with nav and full-date day names","duration":418.6360649999997,"failureMessages":[],"location":{"line":9,"column":5},"meta":{},"tags":[]},{"ancestorTitles":["DatePicker"],"fullName":"DatePicker gets its accessible name from Field.Label","status":"passed","title":"gets its accessible name from Field.Label","duration":63.405493000000206,"failureMessages":[],"location":{"line":39,"column":5},"meta":{},"tags":[]},{"ancestorTitles":["DatePicker"],"fullName":"DatePicker closes on Escape and restores focus to the trigger input","status":"passed","title":"closes on Escape and restores focus to the trigger input","duration":169.8847420000002,"failureMessages":[],"location":{"line":56,"column":5},"meta":{},"tags":[]},{"ancestorTitles":["DatePicker"],"fullName":"DatePicker selects a day with pointer activation","status":"passed","title":"selects a day with pointer activation","duration":233.95371000000023,"failureMessages":[],"location":{"line":84,"column":5},"meta":{},"tags":[]},{"ancestorTitles":["DatePicker"],"fullName":"DatePicker disables out-of-range days via minDate/maxDate","status":"passed","title":"disables out-of-range days via minDate/maxDate","duration":175.9275760000005,"failureMessages":[],"location":{"line":113,"column":5},"meta":{},"tags":[]},{"ancestorTitles":["DatePicker"],"fullName":"DatePicker forwards inputGroupProps to the wrapping input group","status":"passed","title":"forwards inputGroupProps to the wrapping input group","duration":37.24736500000017,"failureMessages":[],"location":{"line":144,"column":5},"meta":{},"tags":[]}],"startTime":1784307245333,"endTime":1784307246432.2473,"status":"passed","message":"","name":"/Users/imexoodeex/Desktop/coding/dreamy-ui/components/date-picker/date-picker.test.tsx"},{"assertionResults":[],"startTime":1784307242155,"endTime":1784307242155,"status":"passed","message":"","name":"/Users/imexoodeex/Desktop/coding/dreamy-ui/components/date-picker/date-picker.test-d.tsx"},{"assertionResults":[{"ancestorTitles":["date-picker/date-picker.test.tsx","DatePicker"],"fullName":"date-picker/date-picker.test.tsx DatePicker opens a labelled calendar grid with nav and full-date day names","status":"passed","title":"opens a labelled calendar grid with nav and full-date day names","failureMessages":[],"meta":{"typecheck":true},"tags":[]},{"ancestorTitles":["date-picker/date-picker.test.tsx","DatePicker"],"fullName":"date-picker/date-picker.test.tsx DatePicker gets its accessible name from Field.Label","status":"passed","title":"gets its accessible name from Field.Label","failureMessages":[],"meta":{"typecheck":true},"tags":[]},{"ancestorTitles":["date-picker/date-picker.test.tsx","DatePicker"],"fullName":"date-picker/date-picker.test.tsx DatePicker closes on Escape and restores focus to the trigger input","status":"passed","title":"closes on Escape and restores focus to the trigger input","failureMessages":[],"meta":{"typecheck":true},"tags":[]},{"ancestorTitles":["date-picker/date-picker.test.tsx","DatePicker"],"fullName":"date-picker/date-picker.test.tsx DatePicker selects a day with pointer activation","status":"passed","title":"selects a day with pointer activation","failureMessages":[],"meta":{"typecheck":true},"tags":[]},{"ancestorTitles":["date-picker/date-picker.test.tsx","DatePicker"],"fullName":"date-picker/date-picker.test.tsx DatePicker disables out-of-range days via minDate/maxDate","status":"passed","title":"disables out-of-range days via minDate/maxDate","failureMessages":[],"meta":{"typecheck":true},"tags":[]},{"ancestorTitles":["date-picker/date-picker.test.tsx","DatePicker"],"fullName":"date-picker/date-picker.test.tsx DatePicker forwards inputGroupProps to the wrapping input group","status":"failed","title":"forwards inputGroupProps to the wrapping input group","failureMessages":["No overload matches this call.\n  Overload 1 of 2, '(props JsxHTMLProps<DatePickerInputProps & UnstyledProps & AsProps, JsxStyleProps>, context? any) string | ... 8 more ... | undefined', gave the following error.\n    Object literal may only specify known properties, and '\"data-testid\"' does not exist in type 'InputGroupProps'.\n  Overload 2 of 2, '(props JsxHTMLProps<DatePickerInputProps & UnstyledProps & AsProps, JsxStyleProps>) string | ... 8 more ... | undefined', gave the following error.\n    Object literal may only specify known properties, and '\"data-testid\"' does not exist in type 'InputGroupProps'."],"meta":{"typecheck":true},"tags":[]}],"startTime":1784307242155,"endTime":1784307242155,"status":"failed","message":"","name":"/Users/imexoodeex/Desktop/coding/dreamy-ui/components/date-picker/date-picker.test.tsx"}]}