{"numTotalTestSuites":7,"numPassedTestSuites":7,"numFailedTestSuites":0,"numPendingTestSuites":0,"numTotalTests":36,"numPassedTests":36,"numFailedTests":0,"numPendingTests":0,"numTodoTests":0,"snapshot":{"added":0,"failure":false,"filesAdded":0,"filesRemoved":0,"filesRemovedList":[],"filesUnmatched":0,"filesUpdated":0,"matched":0,"total":0,"unchecked":0,"uncheckedKeysByFile":[],"unmatched":0,"updated":0,"didUpdate":false},"startTime":1785444560005,"success":true,"testResults":[{"assertionResults":[{"ancestorTitles":["time-utils"],"fullName":"time-utils normalizes fields into canonical order","status":"passed","title":"normalizes fields into canonical order","duration":2.5718999999990046,"failureMessages":[],"location":{"line":15,"column":5},"meta":{},"tags":[]},{"ancestorTitles":["time-utils"],"fullName":"time-utils parses and formats values for each fields combination","status":"passed","title":"parses and formats values for each fields combination","duration":1.6006999999990512,"failureMessages":[],"location":{"line":24,"column":5},"meta":{},"tags":[]},{"ancestorTitles":["time-utils"],"fullName":"time-utils builds segments from fields and hour12","status":"passed","title":"builds segments from fields and hour12","duration":0.3330999999998312,"failureMessages":[],"location":{"line":74,"column":5},"meta":{},"tags":[]},{"ancestorTitles":["time-utils"],"fullName":"time-utils rejects invalid time strings","status":"passed","title":"rejects invalid time strings","duration":0.31260000000111177,"failureMessages":[],"location":{"line":80,"column":5},"meta":{},"tags":[]},{"ancestorTitles":["TimeInput"],"fullName":"TimeInput renders hour and minute spinbuttons by default","status":"passed","title":"renders hour and minute spinbuttons by default","duration":256.608400000001,"failureMessages":[],"location":{"line":90,"column":5},"meta":{},"tags":[]},{"ancestorTitles":["TimeInput"],"fullName":"TimeInput renders second and millisecond fields when configured","status":"passed","title":"renders second and millisecond fields when configured","duration":1106.3570000000036,"failureMessages":[],"location":{"line":116,"column":5},"meta":{},"tags":[]},{"ancestorTitles":["TimeInput"],"fullName":"TimeInput renders seconds-only fields without hour or minute","status":"passed","title":"renders seconds-only fields without hour or minute","duration":1029.6995000000024,"failureMessages":[],"location":{"line":140,"column":5},"meta":{},"tags":[]},{"ancestorTitles":["TimeInput"],"fullName":"TimeInput shows an AM/PM segment in 12-hour mode","status":"passed","title":"shows an AM/PM segment in 12-hour mode","duration":103.64519999999902,"failureMessages":[],"location":{"line":166,"column":5},"meta":{},"tags":[]},{"ancestorTitles":["TimeInput"],"fullName":"TimeInput opens the dialog and exposes wheel columns","status":"passed","title":"opens the dialog and exposes wheel columns","duration":222.83819999999832,"failureMessages":[],"location":{"line":190,"column":5},"meta":{},"tags":[]},{"ancestorTitles":["TimeInput"],"fullName":"TimeInput increments the focused segment with ArrowUp","status":"passed","title":"increments the focused segment with ArrowUp","duration":243.50300000000425,"failureMessages":[],"location":{"line":216,"column":5},"meta":{},"tags":[]},{"ancestorTitles":["TimeInput"],"fullName":"TimeInput moves between segments with ArrowLeft and ArrowRight","status":"passed","title":"moves between segments with ArrowLeft and ArrowRight","duration":281.6958000000013,"failureMessages":[],"location":{"line":243,"column":5},"meta":{},"tags":[]},{"ancestorTitles":["TimeInput"],"fullName":"TimeInput types digits into the hour and advances to minute","status":"passed","title":"types digits into the hour and advances to minute","duration":200.59049999999843,"failureMessages":[],"location":{"line":269,"column":5},"meta":{},"tags":[]},{"ancestorTitles":["TimeInput"],"fullName":"TimeInput sets AM/PM with A and P keys","status":"passed","title":"sets AM/PM with A and P keys","duration":246.78719999999885,"failureMessages":[],"location":{"line":295,"column":5},"meta":{},"tags":[]},{"ancestorTitles":["TimeInput"],"fullName":"TimeInput closes on Escape","status":"passed","title":"closes on Escape","duration":198.35229999999865,"failureMessages":[],"location":{"line":331,"column":5},"meta":{},"tags":[]},{"ancestorTitles":["TimeInput"],"fullName":"TimeInput submits the value through a hidden input","status":"passed","title":"submits the value through a hidden input","duration":96.16100000000006,"failureMessages":[],"location":{"line":359,"column":5},"meta":{},"tags":[]},{"ancestorTitles":["TimeInput"],"fullName":"TimeInput respects disabled state","status":"passed","title":"respects disabled state","duration":139.81040000000212,"failureMessages":[],"location":{"line":380,"column":5},"meta":{},"tags":[]},{"ancestorTitles":["TimeInput"],"fullName":"TimeInput gets context from Field","status":"passed","title":"gets context from Field","duration":101.70840000000317,"failureMessages":[],"location":{"line":406,"column":5},"meta":{},"tags":[]},{"ancestorTitles":["TimeInput"],"fullName":"TimeInput works as an all-in-one composed control","status":"passed","title":"works as an all-in-one composed control","duration":190.15529999999853,"failureMessages":[],"location":{"line":424,"column":5},"meta":{},"tags":[]}],"startTime":1785444591696,"endTime":1785444596121.1553,"status":"passed","message":"","name":"C:/Users/Odeex/OneDrive/Pulpit/coding/react/dreamy-ui/components/time-input/time-input.test.tsx"},{"assertionResults":[],"startTime":1785444560005,"endTime":1785444560005,"status":"passed","message":"","name":"C:/Users/Odeex/OneDrive/Pulpit/coding/react/dreamy-ui/components/time-input/time-input.test-d.tsx"},{"assertionResults":[{"ancestorTitles":["time-input/time-input.test.tsx","time-utils"],"fullName":"time-input/time-input.test.tsx time-utils normalizes fields into canonical order","status":"passed","title":"normalizes fields into canonical order","failureMessages":[],"meta":{"typecheck":true},"tags":[]},{"ancestorTitles":["time-input/time-input.test.tsx","time-utils"],"fullName":"time-input/time-input.test.tsx time-utils parses and formats values for each fields combination","status":"passed","title":"parses and formats values for each fields combination","failureMessages":[],"meta":{"typecheck":true},"tags":[]},{"ancestorTitles":["time-input/time-input.test.tsx","time-utils"],"fullName":"time-input/time-input.test.tsx time-utils builds segments from fields and hour12","status":"passed","title":"builds segments from fields and hour12","failureMessages":[],"meta":{"typecheck":true},"tags":[]},{"ancestorTitles":["time-input/time-input.test.tsx","time-utils"],"fullName":"time-input/time-input.test.tsx time-utils rejects invalid time strings","status":"passed","title":"rejects invalid time strings","failureMessages":[],"meta":{"typecheck":true},"tags":[]},{"ancestorTitles":["time-input/time-input.test.tsx","TimeInput"],"fullName":"time-input/time-input.test.tsx TimeInput renders hour and minute spinbuttons by default","status":"passed","title":"renders hour and minute spinbuttons by default","failureMessages":[],"meta":{"typecheck":true},"tags":[]},{"ancestorTitles":["time-input/time-input.test.tsx","TimeInput"],"fullName":"time-input/time-input.test.tsx TimeInput renders second and millisecond fields when configured","status":"passed","title":"renders second and millisecond fields when configured","failureMessages":[],"meta":{"typecheck":true},"tags":[]},{"ancestorTitles":["time-input/time-input.test.tsx","TimeInput"],"fullName":"time-input/time-input.test.tsx TimeInput renders seconds-only fields without hour or minute","status":"passed","title":"renders seconds-only fields without hour or minute","failureMessages":[],"meta":{"typecheck":true},"tags":[]},{"ancestorTitles":["time-input/time-input.test.tsx","TimeInput"],"fullName":"time-input/time-input.test.tsx TimeInput shows an AM/PM segment in 12-hour mode","status":"passed","title":"shows an AM/PM segment in 12-hour mode","failureMessages":[],"meta":{"typecheck":true},"tags":[]},{"ancestorTitles":["time-input/time-input.test.tsx","TimeInput"],"fullName":"time-input/time-input.test.tsx TimeInput opens the dialog and exposes wheel columns","status":"passed","title":"opens the dialog and exposes wheel columns","failureMessages":[],"meta":{"typecheck":true},"tags":[]},{"ancestorTitles":["time-input/time-input.test.tsx","TimeInput"],"fullName":"time-input/time-input.test.tsx TimeInput increments the focused segment with ArrowUp","status":"passed","title":"increments the focused segment with ArrowUp","failureMessages":[],"meta":{"typecheck":true},"tags":[]},{"ancestorTitles":["time-input/time-input.test.tsx","TimeInput"],"fullName":"time-input/time-input.test.tsx TimeInput moves between segments with ArrowLeft and ArrowRight","status":"passed","title":"moves between segments with ArrowLeft and ArrowRight","failureMessages":[],"meta":{"typecheck":true},"tags":[]},{"ancestorTitles":["time-input/time-input.test.tsx","TimeInput"],"fullName":"time-input/time-input.test.tsx TimeInput types digits into the hour and advances to minute","status":"passed","title":"types digits into the hour and advances to minute","failureMessages":[],"meta":{"typecheck":true},"tags":[]},{"ancestorTitles":["time-input/time-input.test.tsx","TimeInput"],"fullName":"time-input/time-input.test.tsx TimeInput sets AM/PM with A and P keys","status":"passed","title":"sets AM/PM with A and P keys","failureMessages":[],"meta":{"typecheck":true},"tags":[]},{"ancestorTitles":["time-input/time-input.test.tsx","TimeInput"],"fullName":"time-input/time-input.test.tsx TimeInput closes on Escape","status":"passed","title":"closes on Escape","failureMessages":[],"meta":{"typecheck":true},"tags":[]},{"ancestorTitles":["time-input/time-input.test.tsx","TimeInput"],"fullName":"time-input/time-input.test.tsx TimeInput submits the value through a hidden input","status":"passed","title":"submits the value through a hidden input","failureMessages":[],"meta":{"typecheck":true},"tags":[]},{"ancestorTitles":["time-input/time-input.test.tsx","TimeInput"],"fullName":"time-input/time-input.test.tsx TimeInput respects disabled state","status":"passed","title":"respects disabled state","failureMessages":[],"meta":{"typecheck":true},"tags":[]},{"ancestorTitles":["time-input/time-input.test.tsx","TimeInput"],"fullName":"time-input/time-input.test.tsx TimeInput gets context from Field","status":"passed","title":"gets context from Field","failureMessages":[],"meta":{"typecheck":true},"tags":[]},{"ancestorTitles":["time-input/time-input.test.tsx","TimeInput"],"fullName":"time-input/time-input.test.tsx TimeInput works as an all-in-one composed control","status":"passed","title":"works as an all-in-one composed control","failureMessages":[],"meta":{"typecheck":true},"tags":[]}],"startTime":1785444560005,"endTime":1785444560005,"status":"passed","message":"","name":"C:/Users/Odeex/OneDrive/Pulpit/coding/react/dreamy-ui/components/time-input/time-input.test.tsx"}]}